<?xml version="1.0" encoding="UTF-8"?>
<!-- Generated by org.testng.reporters.JUnitReportReporter -->
<testsuite hostname="tongchunyan.local" name="io.cex.test.framework.OKHttpClientManagerTest" tests="1" failures="0" timestamp="6 Jan 2020 03:45:14 GMT" time="1.363" errors="0">
  <testcase name="testHeader" time="1.363" classname="io.cex.test.framework.OKHttpClientManagerTest"/>
</testsuite> <!-- io.cex.test.framework.OKHttpClientManagerTest -->
