<?xml version="1.0" encoding="UTF-8"?>
<!-- Generated by org.testng.reporters.JUnitReportReporter -->
<testsuite hostname="tongchunyan.local" name="io.cex.test.framework.OKHttpClientManagerTest" tests="1" failures="0" timestamp="27 Feb 2020 08:02:52 GMT" time="0.867" errors="0">
  <testcase name="testHeader" time="0.867" classname="io.cex.test.framework.OKHttpClientManagerTest"/>
</testsuite> <!-- io.cex.test.framework.OKHttpClientManagerTest -->
