<?xml version="1.0" encoding="UTF-8"?>
<!-- Generated by org.testng.reporters.JUnitReportReporter -->
<testsuite hostname="tongchunyan.local" name="io.cex.test.framework.OKHttpClientManagerTest" tests="1" failures="0" timestamp="7 Jan 2020 03:26:10 GMT" time="0.519" errors="0">
  <testcase name="testHeader" time="0.519" classname="io.cex.test.framework.OKHttpClientManagerTest"/>
</testsuite> <!-- io.cex.test.framework.OKHttpClientManagerTest -->
